# JRE version: OpenJDK Runtime Environment Corretto-11.0.15.9.1 (11.0.15+9) (build 11.0.15+9-LTS)
# Java VM: OpenJDK 64-Bit Server VM Corretto-11.0.15.9.1 (11.0.15+9-LTS, mixed mode, tiered, compressed oops, g1 gc, windows-amd64)
Heap:
 garbage-first heap   total 262144K, used 57876K [0x00000000e0000000, 0x0000000100000000)
  region size 1024K, 33 young (33792K), 2 survivors (2048K)
 Metaspace       used 37508K, capacity 38342K, committed 38608K, reserved 288768K
  class space    used 4761K, capacity 5083K, committed 5196K, reserved 253952K
GC Heap History (20 events):
Event: 13.381 GC heap before
{Heap before GC invocations=3 (full 0):
 garbage-first heap   total 262144K, used 20967K [0x00000000e0000000, 0x0000000100000000)
  region size 1024K, 12 young (12288K), 1 survivors (1024K)
 Metaspace       used 11125K, capacity 11391K, committed 11520K, reserved 264192K
  class space    used 1140K, capacity 1243K, committed 1280K, reserved 253952K
}
Event: 13.382 GC heap after
{Heap after GC invocations=4 (full 0):
 garbage-first heap   total 262144K, used 9825K [0x00000000e0000000, 0x0000000100000000)
  region size 1024K, 1 young (1024K), 1 survivors (1024K)
 Metaspace       used 11125K, capacity 11391K, committed 11520K, reserved 264192K
  class space    used 1140K, capacity 1243K, committed 1280K, reserved 253952K
}
Event: 15.061 GC heap before
{Heap before GC invocations=4 (full 0):
 garbage-first heap   total 262144K, used 34401K [0x00000000e0000000, 0x0000000100000000)
  region size 1024K, 25 young (25600K), 1 survivors (1024K)
 Metaspace       used 13613K, capacity 13954K, committed 14208K, reserved 268288K
  class space    used 1483K, capacity 1588K, committed 1664K, reserved 253952K
}
Event: 15.065 GC heap after
{Heap after GC invocations=5 (full 0):
 garbage-first heap   total 262144K, used 15081K [0x00000000e0000000, 0x0000000100000000)
  region size 1024K, 4 young (4096K), 4 survivors (4096K)
 Metaspace       used 13613K, capacity 13954K, committed 14208K, reserved 268288K
  class space    used 1483K, capacity 1588K, committed 1664K, reserved 253952K
}
Event: 17.618 GC heap before
{Heap before GC invocations=5 (full 0):
 garbage-first heap   total 262144K, used 23273K [0x00000000e0000000, 0x0000000100000000)
  region size 1024K, 12 young (12288K), 4 survivors (4096K)
 Metaspace       used 16418K, capacity 16791K, committed 16896K, reserved 270336K
  class space    used 1861K, capacity 2001K, committed 2048K, reserved 253952K
}
Event: 17.622 GC heap after
{Heap after GC invocations=6 (full 0):
 garbage-first heap   total 262144K, used 15836K [0x00000000e0000000, 0x0000000100000000)
  region size 1024K, 1 young (1024K), 1 survivors (1024K)
 Metaspace       used 16418K, capacity 16791K, committed 16896K, reserved 270336K
  class space    used 1861K, capacity 2001K, committed 2048K, reserved 253952K
}
Event: 20.355 GC heap before
{Heap before GC invocations=6 (full 0):
 garbage-first heap   total 262144K, used 27100K [0x00000000e0000000, 0x0000000100000000)
  region size 1024K, 12 young (12288K), 1 survivors (1024K)
 Metaspace       used 17678K, capacity 18038K, committed 18176K, reserved 270336K
  class space    used 2068K, capacity 2186K, committed 2304K, reserved 253952K
}
Event: 20.362 GC heap after
{Heap after GC invocations=7 (full 0):
 garbage-first heap   total 262144K, used 16451K [0x00000000e0000000, 0x0000000100000000)
  region size 1024K, 2 young (2048K), 2 survivors (2048K)
 Metaspace       used 17678K, capacity 18038K, committed 18176K, reserved 270336K
  class space    used 2068K, capacity 2186K, committed 2304K, reserved 253952K
}
Event: 21.830 GC heap before
{Heap before GC invocations=7 (full 0):
 garbage-first heap   total 262144K, used 27715K [0x00000000e0000000, 0x0000000100000000)
  region size 1024K, 13 young (13312K), 2 survivors (2048K)
 Metaspace       used 18981K, capacity 19368K, committed 19584K, reserved 272384K
  class space    used 2281K, capacity 2416K, committed 2432K, reserved 253952K
}
Event: 21.836 GC heap after
{Heap after GC invocations=8 (full 0):
 garbage-first heap   total 262144K, used 16775K [0x00000000e0000000, 0x0000000100000000)
  region size 1024K, 1 young (1024K), 1 survivors (1024K)
 Metaspace       used 18981K, capacity 19368K, committed 19584K, reserved 272384K
  class space    used 2281K, capacity 2416K, committed 2432K, reserved 253952K
}
Event: 24.355 GC heap before
{Heap before GC invocations=8 (full 0):
 garbage-first heap   total 262144K, used 28039K [0x00000000e0000000, 0x0000000100000000)
  region size 1024K, 13 young (13312K), 1 survivors (1024K)
 Metaspace       used 20815K, capacity 21217K, committed 21296K, reserved 274432K
  class space    used 2525K, capacity 2675K, committed 2688K, reserved 253952K
}
Event: 24.364 GC heap after
{Heap after GC invocations=9 (full 0):
 garbage-first heap   total 262144K, used 17238K [0x00000000e0000000, 0x0000000100000000)
  region size 1024K, 2 young (2048K), 2 survivors (2048K)
 Metaspace       used 20815K, capacity 21217K, committed 21296K, reserved 274432K
  class space    used 2525K, capacity 2675K, committed 2688K, reserved 253952K
}
Event: 25.455 GC heap before
{Heap before GC invocations=10 (full 0):
 garbage-first heap   total 262144K, used 27478K [0x00000000e0000000, 0x0000000100000000)
  region size 1024K, 12 young (12288K), 2 survivors (2048K)
 Metaspace       used 21799K, capacity 22333K, committed 22524K, reserved 274432K
  class space    used 2703K, capacity 2878K, committed 2892K, reserved 253952K
}
Event: 25.458 GC heap after
{Heap after GC invocations=11 (full 0):
 garbage-first heap   total 262144K, used 17477K [0x00000000e0000000, 0x0000000100000000)
  region size 1024K, 2 young (2048K), 2 survivors (2048K)
 Metaspace       used 21799K, capacity 22333K, committed 22524K, reserved 274432K
  class space    used 2703K, capacity 2878K, committed 2892K, reserved 253952K
}
Event: 29.930 GC heap before
{Heap before GC invocations=11 (full 0):
 garbage-first heap   total 262144K, used 56389K [0x00000000e0000000, 0x0000000100000000)
  region size 1024K, 40 young (40960K), 2 survivors (2048K)
 Metaspace       used 25733K, capacity 26288K, committed 26492K, reserved 278528K
  class space    used 3316K, capacity 3518K, committed 3532K, reserved 253952K
}
Event: 29.933 GC heap after
{Heap after GC invocations=12 (full 0):
 garbage-first heap   total 262144K, used 19140K [0x00000000e0000000, 0x0000000100000000)
  region size 1024K, 3 young (3072K), 3 survivors (3072K)
 Metaspace       used 25733K, capacity 26288K, committed 26492K, reserved 278528K
  class space    used 3316K, capacity 3518K, committed 3532K, reserved 253952K
}
Event: 42.836 GC heap before
{Heap before GC invocations=12 (full 0):
 garbage-first heap   total 262144K, used 79556K [0x00000000e0000000, 0x0000000100000000)
  region size 1024K, 63 young (64512K), 3 survivors (3072K)
 Metaspace       used 35108K, capacity 35844K, committed 36048K, reserved 286720K
  class space    used 4506K, capacity 4810K, committed 4940K, reserved 253952K
}
Event: 42.846 GC heap after
{Heap after GC invocations=13 (full 0):
 garbage-first heap   total 262144K, used 22791K [0x00000000e0000000, 0x0000000100000000)
  region size 1024K, 7 young (7168K), 7 survivors (7168K)
 Metaspace       used 35108K, capacity 35844K, committed 36048K, reserved 286720K
  class space    used 4506K, capacity 4810K, committed 4940K, reserved 253952K
}
Event: 43.546 GC heap before
{Heap before GC invocations=14 (full 0):
 garbage-first heap   total 262144K, used 26887K [0x00000000e0000000, 0x0000000100000000)
  region size 1024K, 12 young (12288K), 7 survivors (7168K)
 Metaspace       used 35888K, capacity 36683K, committed 36944K, reserved 286720K
  class space    used 4626K, capacity 4962K, committed 5068K, reserved 253952K
}
Event: 43.554 GC heap after
{Heap after GC invocations=15 (full 0):
 garbage-first heap   total 262144K, used 24084K [0x00000000e0000000, 0x0000000100000000)
  region size 1024K, 2 young (2048K), 2 survivors (2048K)
 Metaspace       used 35888K, capacity 36683K, committed 36944K, reserved 286720K
  class space    used 4626K, capacity 4962K, committed 5068K, reserved 253952K
}

